build/app/intermediates/manifest_merge_blame_file/debug/manifest-merger-blame-debug-report.txt
1<?xml version="1.0" encoding="utf-8"?>
2<manifest xmlns:android="http://schemas.android.com/apk/res/android"
3    package="com.example.zippp_vendedores"
4    android:versionCode="1"
5    android:versionName="1.0.0" >
6
7    <uses-sdk
8        android:minSdkVersion="18"
9        android:targetSdkVersion="30" />
10    <!--
11         Flutter needs it to communicate with the running application
12         to allow setting breakpoints, to provide hot reload, etc.
13    -->
14    <uses-permission android:name="android.permission.INTERNET" />
14-->src\debug\AndroidManifest.xml:6:6-67
14-->src\debug\AndroidManifest.xml:6:23-65
15    <uses-permission android:name="android.permission.READ_EXTERNAL_STORAGE" />
15-->[:file_picker] AndroidManifest.xml:7:5-80
15-->[:file_picker] AndroidManifest.xml:7:22-77
16
17    <queries>
17-->[:file_picker] AndroidManifest.xml:9:5-15:15
18        <intent>
18-->[:file_picker] AndroidManifest.xml:10:9-14:18
19            <action android:name="android.intent.action.GET_CONTENT" />
19-->[:file_picker] AndroidManifest.xml:11:13-72
19-->[:file_picker] AndroidManifest.xml:11:21-69
20
21            <data android:mimeType="*/*" />
21-->[:file_picker] AndroidManifest.xml:13:13-44
21-->[:file_picker] AndroidManifest.xml:13:19-41
22        </intent>
23    </queries>
24
25    <uses-permission android:name="android.permission.WRITE_EXTERNAL_STORAGE" />
25-->[:image_picker] AndroidManifest.xml:8:5-81
25-->[:image_picker] AndroidManifest.xml:8:22-78
26    <uses-permission android:name="android.permission.ACCESS_MEDIA_LOCATION" />
26-->[:photo_manager] AndroidManifest.xml:9:5-80
26-->[:photo_manager] AndroidManifest.xml:9:22-77
27    <uses-permission android:name="android.permission.ACCESS_NETWORK_STATE" />
27-->[com.google.firebase:firebase-messaging:21.1.0] AndroidManifest.xml:22:5-79
27-->[com.google.firebase:firebase-messaging:21.1.0] AndroidManifest.xml:22:22-76
28    <uses-permission android:name="android.permission.WAKE_LOCK" /> <!-- Required by older versions of Google Play services to create IID tokens -->
28-->[com.google.firebase:firebase-messaging:21.1.0] AndroidManifest.xml:23:5-68
28-->[com.google.firebase:firebase-messaging:21.1.0] AndroidManifest.xml:23:22-65
29    <uses-permission android:name="com.google.android.c2dm.permission.RECEIVE" />
29-->[com.google.firebase:firebase-messaging:21.1.0] AndroidManifest.xml:25:5-82
29-->[com.google.firebase:firebase-messaging:21.1.0] AndroidManifest.xml:25:22-79
30    <uses-permission android:name="com.google.android.finsky.permission.BIND_GET_INSTALL_REFERRER_SERVICE" />
30-->[com.google.android.gms:play-services-measurement:18.0.3] AndroidManifest.xml:26:5-110
30-->[com.google.android.gms:play-services-measurement:18.0.3] AndroidManifest.xml:26:22-107
31
32    <application
32-->src\main\AndroidManifest.xml:3:4-40:19
33        android:name="androidx.multidex.MultiDexApplication"
34        android:appComponentFactory="androidx.core.app.CoreComponentFactory"
34-->[androidx.core:core:1.5.0-beta01] AndroidManifest.xml:24:18-86
35        android:debuggable="true"
36        android:icon="@mipmap/ic_launcher"
36-->src\main\AndroidManifest.xml:5:9-43
37        android:label="zippp_vendedores"
37-->src\main\AndroidManifest.xml:4:9-41
38        android:usesCleartextTraffic="true" >
38-->src\debug\AndroidManifest.xml:8:18-53
39        <activity
39-->src\main\AndroidManifest.xml:6:9-34:20
40            android:name="com.example.zippp_vendedores.MainActivity"
40-->src\main\AndroidManifest.xml:7:13-41
41            android:configChanges="orientation|keyboardHidden|keyboard|screenSize|smallestScreenSize|locale|layoutDirection|fontScale|screenLayout|density|uiMode"
41-->src\main\AndroidManifest.xml:10:13-163
42            android:hardwareAccelerated="true"
42-->src\main\AndroidManifest.xml:11:13-47
43            android:launchMode="singleTop"
43-->src\main\AndroidManifest.xml:8:13-43
44            android:theme="@style/LaunchTheme"
44-->src\main\AndroidManifest.xml:9:13-47
45            android:windowSoftInputMode="adjustResize" >
45-->src\main\AndroidManifest.xml:12:13-55
46
47            <!--
48                 Specifies an Android theme to apply to this Activity as soon as
49                 the Android process has started. This theme is visible to the user
50                 while the Flutter UI initializes. After that, this theme continues
51                 to determine the Window background behind the Flutter UI.
52            -->
53            <meta-data
53-->src\main\AndroidManifest.xml:17:13-20:17
54                android:name="io.flutter.embedding.android.NormalTheme"
54-->src\main\AndroidManifest.xml:18:15-70
55                android:resource="@style/NormalTheme" />
55-->src\main\AndroidManifest.xml:19:15-52
56            <!--
57                 Displays an Android View that continues showing the launch screen
58                 Drawable until Flutter paints its first frame, then this splash
59                 screen fades out. A splash screen is useful to avoid any visual
60                 gap between the end of Android's launch screen and the painting of
61                 Flutter's first frame.
62            -->
63            <meta-data
63-->src\main\AndroidManifest.xml:26:13-29:17
64                android:name="io.flutter.embedding.android.SplashScreenDrawable"
64-->src\main\AndroidManifest.xml:27:15-79
65                android:resource="@drawable/launch_background" />
65-->src\main\AndroidManifest.xml:28:15-61
66
67            <intent-filter>
67-->src\main\AndroidManifest.xml:30:13-33:29
68                <action android:name="android.intent.action.MAIN" />
68-->src\main\AndroidManifest.xml:31:17-68
68-->src\main\AndroidManifest.xml:31:25-66
69
70                <category android:name="android.intent.category.LAUNCHER" />
70-->src\main\AndroidManifest.xml:32:17-76
70-->src\main\AndroidManifest.xml:32:27-74
71            </intent-filter>
72        </activity>
73        <!--
74 Don't delete the meta-data below.
75             This is used by the Flutter tool to generate GeneratedPluginRegistrant.java
76        -->
77        <meta-data
77-->src\main\AndroidManifest.xml:37:9-39:33
78            android:name="flutterEmbedding"
78-->src\main\AndroidManifest.xml:38:13-44
79            android:value="2" />
79-->src\main\AndroidManifest.xml:39:13-30
80
81        <provider
81-->[:image_picker] AndroidManifest.xml:11:9-19:20
82            android:name="io.flutter.plugins.imagepicker.ImagePickerFileProvider"
82-->[:image_picker] AndroidManifest.xml:12:13-82
83            android:authorities="com.example.zippp_vendedores.flutter.image_provider"
83-->[:image_picker] AndroidManifest.xml:13:13-74
84            android:exported="false"
84-->[:image_picker] AndroidManifest.xml:14:13-37
85            android:grantUriPermissions="true" >
85-->[:image_picker] AndroidManifest.xml:15:13-47
86            <meta-data
86-->[:image_picker] AndroidManifest.xml:16:13-18:75
87                android:name="android.support.FILE_PROVIDER_PATHS"
87-->[:image_picker] AndroidManifest.xml:17:17-67
88                android:resource="@xml/flutter_image_picker_file_paths" />
88-->[:image_picker] AndroidManifest.xml:18:17-72
89        </provider>
90        <provider
90-->[:share_plus] AndroidManifest.xml:8:9-16:20
91            android:name="dev.fluttercommunity.plus.share.ShareFileProvider"
91-->[:share_plus] AndroidManifest.xml:9:13-77
92            android:authorities="com.example.zippp_vendedores.flutter.share_provider"
92-->[:share_plus] AndroidManifest.xml:10:13-74
93            android:exported="false"
93-->[:share_plus] AndroidManifest.xml:11:13-37
94            android:grantUriPermissions="true" >
94-->[:share_plus] AndroidManifest.xml:12:13-47
95            <meta-data
95-->[:image_picker] AndroidManifest.xml:16:13-18:75
96                android:name="android.support.FILE_PROVIDER_PATHS"
96-->[:image_picker] AndroidManifest.xml:17:17-67
97                android:resource="@xml/flutter_share_file_paths" />
97-->[:image_picker] AndroidManifest.xml:18:17-72
98        </provider>
99
100        <service android:name="io.flutter.plugins.firebasemessaging.FlutterFirebaseMessagingService" >
100-->[:firebase_messaging] AndroidManifest.xml:8:9-12:19
100-->[:firebase_messaging] AndroidManifest.xml:8:18-101
101            <intent-filter>
101-->[:firebase_messaging] AndroidManifest.xml:9:13-11:29
102                <action android:name="com.google.firebase.MESSAGING_EVENT" />
102-->[:firebase_messaging] AndroidManifest.xml:10:17-78
102-->[:firebase_messaging] AndroidManifest.xml:10:25-75
103            </intent-filter>
104        </service>
105        <service
105-->[:firebase_messaging] AndroidManifest.xml:13:9-17:19
106            android:name="com.google.firebase.components.ComponentDiscoveryService"
106-->[:firebase_messaging] AndroidManifest.xml:13:18-89
107            android:directBootAware="true"
107-->[com.google.firebase:firebase-common:19.5.0] AndroidManifest.xml:35:13-43
108            android:exported="false" >
108-->[com.google.firebase:firebase-analytics-ktx:18.0.3] AndroidManifest.xml:10:13-37
109            <meta-data
109-->[:firebase_messaging] AndroidManifest.xml:14:13-16:85
110                android:name="com.google.firebase.components:io.flutter.plugins.firebasemessaging.FlutterFirebaseAppRegistrar"
110-->[:firebase_messaging] AndroidManifest.xml:15:17-127
111                android:value="com.google.firebase.components.ComponentRegistrar" />
111-->[:firebase_messaging] AndroidManifest.xml:16:17-82
112            <meta-data
112-->[:firebase_core] AndroidManifest.xml:9:13-11:85
113                android:name="com.google.firebase.components:io.flutter.plugins.firebase.core.FlutterFirebaseCoreRegistrar"
113-->[:firebase_core] AndroidManifest.xml:10:17-124
114                android:value="com.google.firebase.components.ComponentRegistrar" />
114-->[:firebase_core] AndroidManifest.xml:11:17-82
115            <meta-data
115-->[com.google.firebase:firebase-analytics-ktx:18.0.3] AndroidManifest.xml:11:13-13:85
116                android:name="com.google.firebase.components:com.google.firebase.analytics.ktx.FirebaseAnalyticsKtxRegistrar"
116-->[com.google.firebase:firebase-analytics-ktx:18.0.3] AndroidManifest.xml:12:17-126
117                android:value="com.google.firebase.components.ComponentRegistrar" />
117-->[com.google.firebase:firebase-analytics-ktx:18.0.3] AndroidManifest.xml:13:17-82
118            <meta-data
118-->[com.google.firebase:firebase-common-ktx:19.5.0] AndroidManifest.xml:15:13-17:85
119                android:name="com.google.firebase.components:com.google.firebase.ktx.FirebaseCommonKtxRegistrar"
119-->[com.google.firebase:firebase-common-ktx:19.5.0] AndroidManifest.xml:16:17-113
120                android:value="com.google.firebase.components.ComponentRegistrar" />
120-->[com.google.firebase:firebase-common-ktx:19.5.0] AndroidManifest.xml:17:17-82
121            <meta-data
121-->[com.google.firebase:firebase-messaging:21.1.0] AndroidManifest.xml:52:13-54:85
122                android:name="com.google.firebase.components:com.google.firebase.messaging.FirebaseMessagingRegistrar"
122-->[com.google.firebase:firebase-messaging:21.1.0] AndroidManifest.xml:53:17-119
123                android:value="com.google.firebase.components.ComponentRegistrar" />
123-->[com.google.firebase:firebase-messaging:21.1.0] AndroidManifest.xml:54:17-82
124            <meta-data
124-->[com.google.firebase:firebase-datatransport:17.0.10] AndroidManifest.xml:28:13-30:85
125                android:name="com.google.firebase.components:com.google.firebase.datatransport.TransportRegistrar"
125-->[com.google.firebase:firebase-datatransport:17.0.10] AndroidManifest.xml:29:17-115
126                android:value="com.google.firebase.components.ComponentRegistrar" />
126-->[com.google.firebase:firebase-datatransport:17.0.10] AndroidManifest.xml:30:17-82
127            <meta-data
127-->[com.google.firebase:firebase-iid:21.1.0] AndroidManifest.xml:32:13-34:85
128                android:name="com.google.firebase.components:com.google.firebase.iid.Registrar"
128-->[com.google.firebase:firebase-iid:21.1.0] AndroidManifest.xml:33:17-96
129                android:value="com.google.firebase.components.ComponentRegistrar" />
129-->[com.google.firebase:firebase-iid:21.1.0] AndroidManifest.xml:34:17-82
130            <meta-data
130-->[com.google.android.gms:play-services-measurement-api:18.0.3] AndroidManifest.xml:30:13-32:85
131                android:name="com.google.firebase.components:com.google.firebase.analytics.connector.internal.AnalyticsConnectorRegistrar"
131-->[com.google.android.gms:play-services-measurement-api:18.0.3] AndroidManifest.xml:31:17-139
132                android:value="com.google.firebase.components.ComponentRegistrar" />
132-->[com.google.android.gms:play-services-measurement-api:18.0.3] AndroidManifest.xml:32:17-82
133            <meta-data
133-->[com.google.firebase:firebase-installations:16.3.5] AndroidManifest.xml:18:13-20:85
134                android:name="com.google.firebase.components:com.google.firebase.installations.FirebaseInstallationsRegistrar"
134-->[com.google.firebase:firebase-installations:16.3.5] AndroidManifest.xml:19:17-127
135                android:value="com.google.firebase.components.ComponentRegistrar" />
135-->[com.google.firebase:firebase-installations:16.3.5] AndroidManifest.xml:20:17-82
136            <!--
137                This registrar is not defined in the dynamic-module-support sdk itself to allow non-firebase
138                clients to use it as well, by defining this registrar in their own core/common library.
139            -->
140            <meta-data
140-->[com.google.firebase:firebase-common:19.5.0] AndroidManifest.xml:43:13-45:85
141                android:name="com.google.firebase.components:com.google.firebase.dynamicloading.DynamicLoadingRegistrar"
141-->[com.google.firebase:firebase-common:19.5.0] AndroidManifest.xml:44:17-121
142                android:value="com.google.firebase.components.ComponentRegistrar" />
142-->[com.google.firebase:firebase-common:19.5.0] AndroidManifest.xml:45:17-82
143        </service>
144
145        <provider
145-->[:share] AndroidManifest.xml:8:9-16:20
146            android:name="io.flutter.plugins.share.ShareFileProvider"
146-->[:share] AndroidManifest.xml:9:13-70
147            android:authorities="com.example.zippp_vendedores.flutter.share_provider"
147-->[:share] AndroidManifest.xml:10:13-74
148            android:exported="false"
148-->[:share] AndroidManifest.xml:11:13-37
149            android:grantUriPermissions="true" >
149-->[:share] AndroidManifest.xml:12:13-47
150            <meta-data
150-->[:image_picker] AndroidManifest.xml:16:13-18:75
151                android:name="android.support.FILE_PROVIDER_PATHS"
151-->[:image_picker] AndroidManifest.xml:17:17-67
152                android:resource="@xml/flutter_share_file_paths" />
152-->[:image_picker] AndroidManifest.xml:18:17-72
153        </provider>
154
155        <activity
155-->[:url_launcher] AndroidManifest.xml:8:9-11:74
156            android:name="io.flutter.plugins.urllauncher.WebViewActivity"
156-->[:url_launcher] AndroidManifest.xml:9:13-74
157            android:exported="false"
157-->[:url_launcher] AndroidManifest.xml:10:13-37
158            android:theme="@android:style/Theme.NoTitleBar.Fullscreen" />
158-->[:url_launcher] AndroidManifest.xml:11:13-71
159
160        <receiver
160-->[com.google.firebase:firebase-messaging:21.1.0] AndroidManifest.xml:28:9-35:20
161            android:name="com.google.firebase.iid.FirebaseInstanceIdReceiver"
161-->[com.google.firebase:firebase-messaging:21.1.0] AndroidManifest.xml:29:13-78
162            android:exported="true"
162-->[com.google.firebase:firebase-messaging:21.1.0] AndroidManifest.xml:30:13-36
163            android:permission="com.google.android.c2dm.permission.SEND" >
163-->[com.google.firebase:firebase-messaging:21.1.0] AndroidManifest.xml:31:13-73
164            <intent-filter>
164-->[com.google.firebase:firebase-messaging:21.1.0] AndroidManifest.xml:32:13-34:29
165                <action android:name="com.google.android.c2dm.intent.RECEIVE" />
165-->[com.google.firebase:firebase-messaging:21.1.0] AndroidManifest.xml:33:17-81
165-->[com.google.firebase:firebase-messaging:21.1.0] AndroidManifest.xml:33:25-78
166            </intent-filter>
167        </receiver>
168        <!--
169             FirebaseMessagingService performs security checks at runtime,
170             but set to not exported to explicitly avoid allowing another app to call it.
171        -->
172        <service
172-->[com.google.firebase:firebase-messaging:21.1.0] AndroidManifest.xml:41:9-48:19
173            android:name="com.google.firebase.messaging.FirebaseMessagingService"
173-->[com.google.firebase:firebase-messaging:21.1.0] AndroidManifest.xml:42:13-82
174            android:directBootAware="true"
174-->[com.google.firebase:firebase-messaging:21.1.0] AndroidManifest.xml:43:13-43
175            android:exported="false" >
175-->[com.google.firebase:firebase-messaging:21.1.0] AndroidManifest.xml:44:13-37
176            <intent-filter android:priority="-500" >
176-->[:firebase_messaging] AndroidManifest.xml:9:13-11:29
177                <action android:name="com.google.firebase.MESSAGING_EVENT" />
177-->[:firebase_messaging] AndroidManifest.xml:10:17-78
177-->[:firebase_messaging] AndroidManifest.xml:10:25-75
178            </intent-filter>
179        </service>
180        <service
180-->[com.google.android.datatransport:transport-backend-cct:2.3.3] AndroidManifest.xml:29:9-35:19
181            android:name="com.google.android.datatransport.runtime.backends.TransportBackendDiscovery"
181-->[com.google.android.datatransport:transport-backend-cct:2.3.3] AndroidManifest.xml:30:13-103
182            android:exported="false" >
182-->[com.google.android.datatransport:transport-backend-cct:2.3.3] AndroidManifest.xml:31:13-37
183            <meta-data
183-->[com.google.android.datatransport:transport-backend-cct:2.3.3] AndroidManifest.xml:32:13-34:39
184                android:name="backend:com.google.android.datatransport.cct.CctBackendFactory"
184-->[com.google.android.datatransport:transport-backend-cct:2.3.3] AndroidManifest.xml:33:17-94
185                android:value="cct" />
185-->[com.google.android.datatransport:transport-backend-cct:2.3.3] AndroidManifest.xml:34:17-36
186        </service>
187
188        <provider
188-->[com.google.firebase:firebase-common:19.5.0] AndroidManifest.xml:26:9-31:39
189            android:name="com.google.firebase.provider.FirebaseInitProvider"
189-->[com.google.firebase:firebase-common:19.5.0] AndroidManifest.xml:27:13-77
190            android:authorities="com.example.zippp_vendedores.firebaseinitprovider"
190-->[com.google.firebase:firebase-common:19.5.0] AndroidManifest.xml:28:13-72
191            android:directBootAware="true"
191-->[com.google.firebase:firebase-common:19.5.0] AndroidManifest.xml:29:13-43
192            android:exported="false"
192-->[com.google.firebase:firebase-common:19.5.0] AndroidManifest.xml:30:13-37
193            android:initOrder="100" />
193-->[com.google.firebase:firebase-common:19.5.0] AndroidManifest.xml:31:13-36
194
195        <receiver
195-->[com.google.android.gms:play-services-measurement:18.0.3] AndroidManifest.xml:29:9-33:20
196            android:name="com.google.android.gms.measurement.AppMeasurementReceiver"
196-->[com.google.android.gms:play-services-measurement:18.0.3] AndroidManifest.xml:30:13-85
197            android:enabled="true"
197-->[com.google.android.gms:play-services-measurement:18.0.3] AndroidManifest.xml:31:13-35
198            android:exported="false" >
198-->[com.google.android.gms:play-services-measurement:18.0.3] AndroidManifest.xml:32:13-37
199        </receiver>
200
201        <service
201-->[com.google.android.gms:play-services-measurement:18.0.3] AndroidManifest.xml:35:9-38:40
202            android:name="com.google.android.gms.measurement.AppMeasurementService"
202-->[com.google.android.gms:play-services-measurement:18.0.3] AndroidManifest.xml:36:13-84
203            android:enabled="true"
203-->[com.google.android.gms:play-services-measurement:18.0.3] AndroidManifest.xml:37:13-35
204            android:exported="false" />
204-->[com.google.android.gms:play-services-measurement:18.0.3] AndroidManifest.xml:38:13-37
205        <service
205-->[com.google.android.gms:play-services-measurement:18.0.3] AndroidManifest.xml:39:9-43:72
206            android:name="com.google.android.gms.measurement.AppMeasurementJobService"
206-->[com.google.android.gms:play-services-measurement:18.0.3] AndroidManifest.xml:40:13-87
207            android:enabled="true"
207-->[com.google.android.gms:play-services-measurement:18.0.3] AndroidManifest.xml:41:13-35
208            android:exported="false"
208-->[com.google.android.gms:play-services-measurement:18.0.3] AndroidManifest.xml:42:13-37
209            android:permission="android.permission.BIND_JOB_SERVICE" />
209-->[com.google.android.gms:play-services-measurement:18.0.3] AndroidManifest.xml:43:13-69
210
211        <meta-data
211-->[com.google.android.gms:play-services-basement:17.0.0] AndroidManifest.xml:23:9-25:69
212            android:name="com.google.android.gms.version"
212-->[com.google.android.gms:play-services-basement:17.0.0] AndroidManifest.xml:24:13-58
213            android:value="@integer/google_play_services_version" />
213-->[com.google.android.gms:play-services-basement:17.0.0] AndroidManifest.xml:25:13-66
214
215        <service
215-->[com.google.android.datatransport:transport-runtime:2.2.5] AndroidManifest.xml:26:9-30:19
216            android:name="com.google.android.datatransport.runtime.scheduling.jobscheduling.JobInfoSchedulerService"
216-->[com.google.android.datatransport:transport-runtime:2.2.5] AndroidManifest.xml:27:13-117
217            android:exported="false"
217-->[com.google.android.datatransport:transport-runtime:2.2.5] AndroidManifest.xml:28:13-37
218            android:permission="android.permission.BIND_JOB_SERVICE" >
218-->[com.google.android.datatransport:transport-runtime:2.2.5] AndroidManifest.xml:29:13-69
219        </service>
220
221        <receiver
221-->[com.google.android.datatransport:transport-runtime:2.2.5] AndroidManifest.xml:32:9-34:40
222            android:name="com.google.android.datatransport.runtime.scheduling.jobscheduling.AlarmManagerSchedulerBroadcastReceiver"
222-->[com.google.android.datatransport:transport-runtime:2.2.5] AndroidManifest.xml:33:13-132
223            android:exported="false" />
223-->[com.google.android.datatransport:transport-runtime:2.2.5] AndroidManifest.xml:34:13-37
224    </application>
225
226</manifest>